  camera.cpp
  window.cpp
  imgui.cpp
  imgui_demo.cpp
  imgui_draw.cpp
  imgui_impl_glfw.cpp
  imgui_impl_opengl3.cpp
  imgui_tables.cpp
  imgui_widgets.cpp
  main.cpp
C:\Users\balba\Desktop\ACG Game 3D\GameEngine\GameEngine\main.cpp(376,23): warning C4244: 'initializing': conversion from 'double' to 'float', possible loss of data
C:\Users\balba\Desktop\ACG Game 3D\GameEngine\GameEngine\main.cpp(442,23): warning C4244: 'initializing': conversion from 'double' to 'float', possible loss of data
C:\Users\balba\Desktop\ACG Game 3D\GameEngine\GameEngine\main.cpp(446,25): warning C4244: 'initializing': conversion from 'double' to 'float', possible loss of data
C:\Users\balba\Desktop\ACG Game 3D\GameEngine\GameEngine\main.cpp(1115,30): warning C4244: '=': conversion from 'double' to 'float', possible loss of data
C:\Users\balba\Desktop\ACG Game 3D\GameEngine\GameEngine\main.cpp(1120,21): warning C4244: 'initializing': conversion from 'double' to 'float', possible loss of data
  meshLoaderObj.cpp
  mesh.cpp
  shader.cpp
  texture.cpp
  Generating Code...
LINK : warning LNK4098: defaultlib 'MSVCRT' conflicts with use of other libs; use /NODEFAULTLIB:library
LINK : warning LNK4098: defaultlib 'LIBCMT' conflicts with use of other libs; use /NODEFAULTLIB:library
glew32s.lib(glew.obj) : warning LNK4099: PDB '' was not found with 'glew32s.lib(glew.obj)' or at ''; linking object as if no debug info
  GameEngine.vcxproj -> C:\Users\balba\Desktop\ACG Game 3D\GameEngine\Debug\GameEngine.exe
